Compiling the C compiler identification source file "CMakeCCompilerId.c" failed.
Compiler: /home/limolin/petalinux_project/zynq7020_petalinux/images/linux/sdk/sysroots/x86_64-petalinux-linux/usr/bin/arm-xilinx-linux-gnueabi/arm-xilinx-linux-gnueabi-gcc 
Build flags: ;-O2;-pipe;-g;-feliminate-unused-debug-types;
Id flags:  

The output was:
1
/home/limolin/petalinux_project/zynq7020_petalinux/images/linux/sdk/sysroots/x86_64-petalinux-linux/usr/libexec/arm-xilinx-linux-gnueabi/gcc/arm-xilinx-linux-gnueabi/12.2.0/ld: cannot find Scrt1.o: No such file or directory
/home/limolin/petalinux_project/zynq7020_petalinux/images/linux/sdk/sysroots/x86_64-petalinux-linux/usr/libexec/arm-xilinx-linux-gnueabi/gcc/arm-xilinx-linux-gnueabi/12.2.0/ld: cannot find crti.o: No such file or directory
/home/limolin/petalinux_project/zynq7020_petalinux/images/linux/sdk/sysroots/x86_64-petalinux-linux/usr/libexec/arm-xilinx-linux-gnueabi/gcc/arm-xilinx-linux-gnueabi/12.2.0/ld: cannot find crtbeginS.o: No such file or directory
/home/limolin/petalinux_project/zynq7020_petalinux/images/linux/sdk/sysroots/x86_64-petalinux-linux/usr/libexec/arm-xilinx-linux-gnueabi/gcc/arm-xilinx-linux-gnueabi/12.2.0/ld: cannot find -lgcc: No such file or directory
/home/limolin/petalinux_project/zynq7020_petalinux/images/linux/sdk/sysroots/x86_64-petalinux-linux/usr/libexec/arm-xilinx-linux-gnueabi/gcc/arm-xilinx-linux-gnueabi/12.2.0/ld: cannot find -lgcc_s: No such file or directory
/home/limolin/petalinux_project/zynq7020_petalinux/images/linux/sdk/sysroots/x86_64-petalinux-linux/usr/libexec/arm-xilinx-linux-gnueabi/gcc/arm-xilinx-linux-gnueabi/12.2.0/ld: cannot find -lc: No such file or directory
/home/limolin/petalinux_project/zynq7020_petalinux/images/linux/sdk/sysroots/x86_64-petalinux-linux/usr/libexec/arm-xilinx-linux-gnueabi/gcc/arm-xilinx-linux-gnueabi/12.2.0/ld: cannot find -lgcc: No such file or directory
/home/limolin/petalinux_project/zynq7020_petalinux/images/linux/sdk/sysroots/x86_64-petalinux-linux/usr/libexec/arm-xilinx-linux-gnueabi/gcc/arm-xilinx-linux-gnueabi/12.2.0/ld: cannot find -lgcc_s: No such file or directory
/home/limolin/petalinux_project/zynq7020_petalinux/images/linux/sdk/sysroots/x86_64-petalinux-linux/usr/libexec/arm-xilinx-linux-gnueabi/gcc/arm-xilinx-linux-gnueabi/12.2.0/ld: cannot find crtendS.o: No such file or directory
/home/limolin/petalinux_project/zynq7020_petalinux/images/linux/sdk/sysroots/x86_64-petalinux-linux/usr/libexec/arm-xilinx-linux-gnueabi/gcc/arm-xilinx-linux-gnueabi/12.2.0/ld: cannot find crtn.o: No such file or directory
collect2: error: ld returned 1 exit status


Compiling the CXX compiler identification source file "CMakeCXXCompilerId.cpp" failed.
Compiler: /home/limolin/petalinux_project/zynq7020_petalinux/images/linux/sdk/sysroots/x86_64-petalinux-linux/usr/bin/arm-xilinx-linux-gnueabi/arm-xilinx-linux-gnueabi-g++ 
Build flags: ;-O2;-pipe;-g;-feliminate-unused-debug-types;
Id flags:  

The output was:
1
/home/limolin/petalinux_project/zynq7020_petalinux/images/linux/sdk/sysroots/x86_64-petalinux-linux/usr/libexec/arm-xilinx-linux-gnueabi/gcc/arm-xilinx-linux-gnueabi/12.2.0/ld: cannot find Scrt1.o: No such file or directory
/home/limolin/petalinux_project/zynq7020_petalinux/images/linux/sdk/sysroots/x86_64-petalinux-linux/usr/libexec/arm-xilinx-linux-gnueabi/gcc/arm-xilinx-linux-gnueabi/12.2.0/ld: cannot find crti.o: No such file or directory
/home/limolin/petalinux_project/zynq7020_petalinux/images/linux/sdk/sysroots/x86_64-petalinux-linux/usr/libexec/arm-xilinx-linux-gnueabi/gcc/arm-xilinx-linux-gnueabi/12.2.0/ld: cannot find crtbeginS.o: No such file or directory
/home/limolin/petalinux_project/zynq7020_petalinux/images/linux/sdk/sysroots/x86_64-petalinux-linux/usr/libexec/arm-xilinx-linux-gnueabi/gcc/arm-xilinx-linux-gnueabi/12.2.0/ld: cannot find -lstdc++: No such file or directory
/home/limolin/petalinux_project/zynq7020_petalinux/images/linux/sdk/sysroots/x86_64-petalinux-linux/usr/libexec/arm-xilinx-linux-gnueabi/gcc/arm-xilinx-linux-gnueabi/12.2.0/ld: cannot find -lm: No such file or directory
/home/limolin/petalinux_project/zynq7020_petalinux/images/linux/sdk/sysroots/x86_64-petalinux-linux/usr/libexec/arm-xilinx-linux-gnueabi/gcc/arm-xilinx-linux-gnueabi/12.2.0/ld: cannot find -lgcc_s: No such file or directory
/home/limolin/petalinux_project/zynq7020_petalinux/images/linux/sdk/sysroots/x86_64-petalinux-linux/usr/libexec/arm-xilinx-linux-gnueabi/gcc/arm-xilinx-linux-gnueabi/12.2.0/ld: cannot find -lgcc: No such file or directory
/home/limolin/petalinux_project/zynq7020_petalinux/images/linux/sdk/sysroots/x86_64-petalinux-linux/usr/libexec/arm-xilinx-linux-gnueabi/gcc/arm-xilinx-linux-gnueabi/12.2.0/ld: cannot find -lc: No such file or directory
/home/limolin/petalinux_project/zynq7020_petalinux/images/linux/sdk/sysroots/x86_64-petalinux-linux/usr/libexec/arm-xilinx-linux-gnueabi/gcc/arm-xilinx-linux-gnueabi/12.2.0/ld: cannot find -lgcc_s: No such file or directory
/home/limolin/petalinux_project/zynq7020_petalinux/images/linux/sdk/sysroots/x86_64-petalinux-linux/usr/libexec/arm-xilinx-linux-gnueabi/gcc/arm-xilinx-linux-gnueabi/12.2.0/ld: cannot find -lgcc: No such file or directory
/home/limolin/petalinux_project/zynq7020_petalinux/images/linux/sdk/sysroots/x86_64-petalinux-linux/usr/libexec/arm-xilinx-linux-gnueabi/gcc/arm-xilinx-linux-gnueabi/12.2.0/ld: cannot find crtendS.o: No such file or directory
/home/limolin/petalinux_project/zynq7020_petalinux/images/linux/sdk/sysroots/x86_64-petalinux-linux/usr/libexec/arm-xilinx-linux-gnueabi/gcc/arm-xilinx-linux-gnueabi/12.2.0/ld: cannot find crtn.o: No such file or directory
collect2: error: ld returned 1 exit status


